<?xml version="1.0" encoding="UTF-8"?>
<!-- Generated by org.testng.reporters.JUnitReportReporter -->
<testsuite hostname="LAPTOP-G57RMOS1" failures="0" tests="2" name="tests.LoginPageTest" time="18.150" errors="0" timestamp="2023-01-07T14:15:06 IST" skipped="0">
  <testcase classname="tests.LoginPageTest" name="test1" time="8.453"/>
  <system-out/>
  <testcase classname="tests.LoginPageTest" name="test2" time="9.697"/>
  <system-out/>
</testsuite> <!-- tests.LoginPageTest -->
