<?xml version="1.0" encoding="UTF-8"?>
<!-- Generated by org.testng.reporters.JUnitReportReporter -->
<testsuite hostname="LAPTOP-G57RMOS1" failures="0" tests="1" name="tests.DataProviderTest" time="12.781" errors="0" timestamp="2023-03-01T23:00:55 IST" skipped="0">
  <testcase classname="tests.DataProviderTest" name="testperform" time="12.781"/>
  <system-out/>
</testsuite> <!-- tests.DataProviderTest -->
