<?xml version="1.0" encoding="UTF-8"?>
<!-- Generated by org.testng.reporters.JUnitReportReporter -->
<testsuite hostname="LAPTOP-G57RMOS1" failures="0" tests="1" name="tests.OrangeHRMTest" time="54.568" errors="0" timestamp="2023-02-02T19:59:35 IST" skipped="0">
  <testcase classname="tests.OrangeHRMTest" name="loginLogoutTest" time="54.568"/>
  <system-out/>
</testsuite> <!-- tests.OrangeHRMTest -->
